c:\users\cotaa\downloads\mesa-20.2.0.tar\mesa-20.2.0\mesa-20.2.0\builddir\src\util\format\e4d26ff@@mesa_format@sta\mesa_format.pdb
c:\users\cotaa\downloads\mesa-20.2.0.tar\mesa-20.2.0\mesa-20.2.0\builddir\src\util\format\e4d26ff@@mesa_format@sta\u_format.c.obj
c:\users\cotaa\downloads\mesa-20.2.0.tar\mesa-20.2.0\mesa-20.2.0\builddir\src\util\format\e4d26ff@@mesa_format@sta\u_format_bptc.c.obj
c:\users\cotaa\downloads\mesa-20.2.0.tar\mesa-20.2.0\mesa-20.2.0\builddir\src\util\format\e4d26ff@@mesa_format@sta\u_format_etc.c.obj
c:\users\cotaa\downloads\mesa-20.2.0.tar\mesa-20.2.0\mesa-20.2.0\builddir\src\util\format\e4d26ff@@mesa_format@sta\u_format_latc.c.obj
c:\users\cotaa\downloads\mesa-20.2.0.tar\mesa-20.2.0\mesa-20.2.0\builddir\src\util\format\e4d26ff@@mesa_format@sta\u_format_other.c.obj
c:\users\cotaa\downloads\mesa-20.2.0.tar\mesa-20.2.0\mesa-20.2.0\builddir\src\util\format\e4d26ff@@mesa_format@sta\u_format_rgtc.c.obj
c:\users\cotaa\downloads\mesa-20.2.0.tar\mesa-20.2.0\mesa-20.2.0\builddir\src\util\format\e4d26ff@@mesa_format@sta\u_format_s3tc.c.obj
c:\users\cotaa\downloads\mesa-20.2.0.tar\mesa-20.2.0\mesa-20.2.0\builddir\src\util\format\e4d26ff@@mesa_format@sta\u_format_tests.c.obj
c:\users\cotaa\downloads\mesa-20.2.0.tar\mesa-20.2.0\mesa-20.2.0\builddir\src\util\format\e4d26ff@@mesa_format@sta\u_format_yuv.c.obj
c:\users\cotaa\downloads\mesa-20.2.0.tar\mesa-20.2.0\mesa-20.2.0\builddir\src\util\format\e4d26ff@@mesa_format@sta\u_format_zs.c.obj
c:\users\cotaa\downloads\mesa-20.2.0.tar\mesa-20.2.0\mesa-20.2.0\builddir\src\util\format\e4d26ff@@mesa_format@sta\u_format_table.obj
c:\users\cotaa\downloads\mesa-20.2.0.tar\mesa-20.2.0\mesa-20.2.0\builddir\src\util\format\libmesa_format.a
c:\users\cotaa\downloads\mesa-20.2.0.tar\mesa-20.2.0\mesa-20.2.0\builddir\src\util\format\.\libmesa_format.a
c:\users\cotaa\downloads\mesa-20.2.0.tar\mesa-20.2.0\mesa-20.2.0\builddir\src\util\format\e4d26ff@@mesa_format@sta\mesa_format.tlog\cl.command.1.tlog
c:\users\cotaa\downloads\mesa-20.2.0.tar\mesa-20.2.0\mesa-20.2.0\builddir\src\util\format\e4d26ff@@mesa_format@sta\mesa_format.tlog\cl.read.1.tlog
c:\users\cotaa\downloads\mesa-20.2.0.tar\mesa-20.2.0\mesa-20.2.0\builddir\src\util\format\e4d26ff@@mesa_format@sta\mesa_format.tlog\cl.write.1.tlog
c:\users\cotaa\downloads\mesa-20.2.0.tar\mesa-20.2.0\mesa-20.2.0\builddir\src\util\format\e4d26ff@@mesa_format@sta\mesa_format.tlog\lib-link.read.1.tlog
c:\users\cotaa\downloads\mesa-20.2.0.tar\mesa-20.2.0\mesa-20.2.0\builddir\src\util\format\e4d26ff@@mesa_format@sta\mesa_format.tlog\lib-link.write.1.tlog
c:\users\cotaa\downloads\mesa-20.2.0.tar\mesa-20.2.0\mesa-20.2.0\builddir\src\util\format\e4d26ff@@mesa_format@sta\mesa_format.tlog\lib.command.1.tlog
