c:\users\cotaa\downloads\mesa-20.2.0.tar\mesa-20.2.0\mesa-20.2.0\builddir\subprojects\zlib-1.2.11\b0b5972@@z@sha\vc142.pdb
c:\users\cotaa\downloads\mesa-20.2.0.tar\mesa-20.2.0\mesa-20.2.0\builddir\subprojects\zlib-1.2.11\b0b5972@@z@sha\adler32.c.obj
c:\users\cotaa\downloads\mesa-20.2.0.tar\mesa-20.2.0\mesa-20.2.0\builddir\subprojects\zlib-1.2.11\b0b5972@@z@sha\crc32.c.obj
c:\users\cotaa\downloads\mesa-20.2.0.tar\mesa-20.2.0\mesa-20.2.0\builddir\subprojects\zlib-1.2.11\b0b5972@@z@sha\deflate.c.obj
c:\users\cotaa\downloads\mesa-20.2.0.tar\mesa-20.2.0\mesa-20.2.0\builddir\subprojects\zlib-1.2.11\b0b5972@@z@sha\infback.c.obj
c:\users\cotaa\downloads\mesa-20.2.0.tar\mesa-20.2.0\mesa-20.2.0\builddir\subprojects\zlib-1.2.11\b0b5972@@z@sha\inffast.c.obj
c:\users\cotaa\downloads\mesa-20.2.0.tar\mesa-20.2.0\mesa-20.2.0\builddir\subprojects\zlib-1.2.11\b0b5972@@z@sha\inflate.c.obj
c:\users\cotaa\downloads\mesa-20.2.0.tar\mesa-20.2.0\mesa-20.2.0\builddir\subprojects\zlib-1.2.11\b0b5972@@z@sha\inftrees.c.obj
c:\users\cotaa\downloads\mesa-20.2.0.tar\mesa-20.2.0\mesa-20.2.0\builddir\subprojects\zlib-1.2.11\b0b5972@@z@sha\trees.c.obj
c:\users\cotaa\downloads\mesa-20.2.0.tar\mesa-20.2.0\mesa-20.2.0\builddir\subprojects\zlib-1.2.11\b0b5972@@z@sha\zutil.c.obj
c:\users\cotaa\downloads\mesa-20.2.0.tar\mesa-20.2.0\mesa-20.2.0\builddir\subprojects\zlib-1.2.11\b0b5972@@z@sha\compress.c.obj
c:\users\cotaa\downloads\mesa-20.2.0.tar\mesa-20.2.0\mesa-20.2.0\builddir\subprojects\zlib-1.2.11\b0b5972@@z@sha\uncompr.c.obj
c:\users\cotaa\downloads\mesa-20.2.0.tar\mesa-20.2.0\mesa-20.2.0\builddir\subprojects\zlib-1.2.11\b0b5972@@z@sha\gzclose.c.obj
c:\users\cotaa\downloads\mesa-20.2.0.tar\mesa-20.2.0\mesa-20.2.0\builddir\subprojects\zlib-1.2.11\b0b5972@@z@sha\gzlib.c.obj
c:\users\cotaa\downloads\mesa-20.2.0.tar\mesa-20.2.0\mesa-20.2.0\builddir\subprojects\zlib-1.2.11\b0b5972@@z@sha\gzread.c.obj
c:\users\cotaa\downloads\mesa-20.2.0.tar\mesa-20.2.0\mesa-20.2.0\builddir\subprojects\zlib-1.2.11\b0b5972@@z@sha\gzwrite.c.obj
c:\users\cotaa\downloads\mesa-20.2.0.tar\mesa-20.2.0\mesa-20.2.0\builddir\subprojects\zlib-1.2.11\b0b5972@@z@sha\z.tlog\cl.command.1.tlog
c:\users\cotaa\downloads\mesa-20.2.0.tar\mesa-20.2.0\mesa-20.2.0\builddir\subprojects\zlib-1.2.11\b0b5972@@z@sha\z.tlog\cl.read.1.tlog
c:\users\cotaa\downloads\mesa-20.2.0.tar\mesa-20.2.0\mesa-20.2.0\builddir\subprojects\zlib-1.2.11\b0b5972@@z@sha\z.tlog\cl.write.1.tlog
c:\users\cotaa\downloads\mesa-20.2.0.tar\mesa-20.2.0\mesa-20.2.0\builddir\subprojects\zlib-1.2.11\b0b5972@@z@sha\z.tlog\link.command.1.tlog
c:\users\cotaa\downloads\mesa-20.2.0.tar\mesa-20.2.0\mesa-20.2.0\builddir\subprojects\zlib-1.2.11\b0b5972@@z@sha\z.tlog\link.read.1.tlog
c:\users\cotaa\downloads\mesa-20.2.0.tar\mesa-20.2.0\mesa-20.2.0\builddir\subprojects\zlib-1.2.11\b0b5972@@z@sha\z.tlog\link.write.1.tlog
